<?xml version="1.0" encoding="UTF-8"?>
<Site BuildName="Linux-g++"
	BuildStamp="20231202-0856-Experimental"
	Name="fedora"
	Generator="ctest-3.27.4"
	CompilerName="/usr/bin/g++"
	CompilerVersion="12.3.1"
	OSName="Linux"
	Hostname="fedora"
	OSRelease="6.5.6-100.fc37.x86_64"
	OSVersion="#1 SMP PREEMPT_DYNAMIC Fri Oct  6 19:01:16 UTC 2023"
	OSPlatform="x86_64"
	Is64Bits="1"
	VendorString="AuthenticAMD"
	VendorID="Advanced Micro Devices"
	FamilyID="23"
	ModelID="104"
	ProcessorCacheSize="512"
	NumberOfLogicalCPU="8"
	NumberOfPhysicalCPU="4"
	TotalVirtualMemory="7260"
	TotalPhysicalMemory="7261"
	LogicalProcessorsPerPhysical="2"
	ProcessorClockFrequency="3892.76"
	>
	<Testing>
		<StartDateTime>Dec 02 11:56 MSK</StartDateTime>
		<StartTestTime>1701507364</StartTestTime>
		<TestList/>
		<EndDateTime>Dec 02 11:56 MSK</EndDateTime>
		<EndTestTime>1701507364</EndTestTime>
		<ElapsedMinutes>0</ElapsedMinutes>
	</Testing>
</Site>
