<?xml version="1.0" encoding="UTF-8"?>
<Site BuildName="Linux-g++"
	BuildStamp="20240326-0243-Experimental"
	Name="fedora"
	Generator="ctest-3.27.7"
	CompilerName="/usr/bin/g++"
	CompilerVersion="13.2.1"
	OSName="Linux"
	Hostname="fedora"
	OSRelease="6.7.7-200.fc39.x86_64"
	OSVersion="#1 SMP PREEMPT_DYNAMIC Fri Mar  1 16:53:59 UTC 2024"
	OSPlatform="x86_64"
	Is64Bits="1"
	VendorString="AuthenticAMD"
	VendorID="Advanced Micro Devices"
	FamilyID="23"
	ModelID="104"
	ProcessorCacheSize="512"
	NumberOfLogicalCPU="8"
	NumberOfPhysicalCPU="4"
	TotalVirtualMemory="7270"
	TotalPhysicalMemory="7271"
	LogicalProcessorsPerPhysical="2"
	ProcessorClockFrequency="3890.18"
	>
	<Testing>
		<StartDateTime>Mar 26 06:19 MSK</StartDateTime>
		<StartTestTime>1711423186</StartTestTime>
		<TestList/>
		<EndDateTime>Mar 26 06:19 MSK</EndDateTime>
		<EndTestTime>1711423186</EndTestTime>
		<ElapsedMinutes>0</ElapsedMinutes>
	</Testing>
</Site>
