<?xml version="1.0" encoding="UTF-8"?>
<Site BuildName="Linux-g++"
	BuildStamp="20231011-1449-Experimental"
	Name="fedora"
	Generator="ctest-3.27.4"
	CompilerName="/usr/bin/g++"
	CompilerVersion="12.3.1"
	OSName="Linux"
	Hostname="fedora"
	OSRelease="6.5.5-100.fc37.x86_64"
	OSVersion="#1 SMP PREEMPT_DYNAMIC Sat Sep 23 22:53:27 UTC 2023"
	OSPlatform="x86_64"
	Is64Bits="1"
	VendorString="AuthenticAMD"
	VendorID="Advanced Micro Devices"
	FamilyID="23"
	ModelID="104"
	ProcessorCacheSize="512"
	NumberOfLogicalCPU="8"
	NumberOfPhysicalCPU="4"
	TotalVirtualMemory="7261"
	TotalPhysicalMemory="7262"
	LogicalProcessorsPerPhysical="2"
	ProcessorClockFrequency="3876.93"
	>
	<Testing>
		<StartDateTime>Oct 11 22:30 MSK</StartDateTime>
		<StartTestTime>1697052612</StartTestTime>
		<TestList/>
		<EndDateTime>Oct 11 22:30 MSK</EndDateTime>
		<EndTestTime>1697052612</EndTestTime>
		<ElapsedMinutes>0</ElapsedMinutes>
	</Testing>
</Site>
