<?xml version="1.0" encoding="UTF-8"?>
<Site BuildName="Linux-g++"
	BuildStamp="20231004-1704-Experimental"
	Name="fedora"
	Generator="ctest-3.26.4"
	CompilerName="/usr/bin/g++"
	CompilerVersion="12.3.1"
	OSName="Linux"
	Hostname="fedora"
	OSRelease="6.3.4-101.fc37.x86_64"
	OSVersion="#1 SMP PREEMPT_DYNAMIC Sat May 27 15:09:40 UTC 2023"
	OSPlatform="x86_64"
	Is64Bits="1"
	VendorString="AuthenticAMD"
	VendorID="Advanced Micro Devices"
	FamilyID="23"
	ModelID="104"
	ProcessorCacheSize="512"
	NumberOfLogicalCPU="8"
	NumberOfPhysicalCPU="4"
	TotalVirtualMemory="7261"
	TotalPhysicalMemory="7262"
	LogicalProcessorsPerPhysical="2"
	ProcessorClockFrequency="3871.71"
	>
	<Testing>
		<StartDateTime>Oct 04 22:58 MSK</StartDateTime>
		<StartTestTime>1696449501</StartTestTime>
		<TestList/>
		<EndDateTime>Oct 04 22:58 MSK</EndDateTime>
		<EndTestTime>1696449501</EndTestTime>
		<ElapsedMinutes>0</ElapsedMinutes>
	</Testing>
</Site>
