<?xml version="1.0" encoding="UTF-8"?>
<Site BuildName="Linux-g++"
	BuildStamp="20230923-1448-Experimental"
	Name="fedora"
	Generator="ctest-3.26.4"
	CompilerName="/usr/bin/g++"
	CompilerVersion="12.3.1"
	OSName="Linux"
	Hostname="fedora"
	OSRelease="6.2.7-200.fc37.x86_64"
	OSVersion="#1 SMP PREEMPT_DYNAMIC Fri Mar 17 16:16:00 UTC 2023"
	OSPlatform="x86_64"
	Is64Bits="1"
	VendorString="AuthenticAMD"
	VendorID="Advanced Micro Devices"
	FamilyID="23"
	ModelID="104"
	ProcessorCacheSize="512"
	NumberOfLogicalCPU="8"
	NumberOfPhysicalCPU="4"
	TotalVirtualMemory="7263"
	TotalPhysicalMemory="7264"
	LogicalProcessorsPerPhysical="2"
	ProcessorClockFrequency="3892.78"
	>
	<Testing>
		<StartDateTime>Sep 23 23:43 MSK</StartDateTime>
		<StartTestTime>1695501794</StartTestTime>
		<TestList/>
		<EndDateTime>Sep 23 23:43 MSK</EndDateTime>
		<EndTestTime>1695501794</EndTestTime>
		<ElapsedMinutes>0</ElapsedMinutes>
	</Testing>
</Site>
